<?xml version="1.0" encoding="UTF-8" ?>
<testsuite tests="1" failures="1" name="com.chemasmas.jaxrs.netbeanssesion1.resources.JavaEE8ResourceTest" time="0.026" errors="0" skipped="0">
  <properties>
    <property name="java.vendor" value="Eclipse OpenJ9"/>
    <property name="sun.java.launcher" value="SUN_STANDARD"/>
    <property name="os.name" value="Windows 10"/>
    <property name="sun.boot.class.path" value="C:\Users\eva_0\.jdks\adopt-openj9-1.8.0_265\jre\bin\compressedrefs\jclSC180\vm.jar;C:\Users\eva_0\.jdks\adopt-openj9-1.8.0_265\jre\lib\se-service.jar;C:\Users\eva_0\.jdks\adopt-openj9-1.8.0_265\jre\lib\rt.jar;C:\Users\eva_0\.jdks\adopt-openj9-1.8.0_265\jre\lib\resources.jar;C:\Users\eva_0\.jdks\adopt-openj9-1.8.0_265\jre\lib\jsse.jar;C:\Users\eva_0\.jdks\adopt-openj9-1.8.0_265\jre\lib\charsets.jar;C:\Users\eva_0\.jdks\adopt-openj9-1.8.0_265\jre\lib\jce.jar"/>
    <property name="sun.desktop" value="windows"/>
    <property name="java.vm.specification.vendor" value="Oracle Corporation"/>
    <property name="java.runtime.version" value="1.8.0_265-b01"/>
    <property name="user.name" value="eva_0"/>
    <property name="java.compiler" value="j9jit29"/>
    <property name="os.encoding" value="UTF8"/>
    <property name="guice.disable.misplaced.annotation.check" value="true"/>
    <property name="com.ibm.util.extralibs.properties" value=""/>
    <property name="com.ibm.jcl.checkClassPath" value=""/>
    <property name="user.language" value="en"/>
    <property name="com.ibm.oti.vm.bootstrap.library.path" value="C:\Users\eva_0\.jdks\adopt-openj9-1.8.0_265\jre\bin\compressedrefs;C:\Users\eva_0\.jdks\adopt-openj9-1.8.0_265\jre\bin"/>
    <property name="sun.boot.library.path" value="C:\Users\eva_0\.jdks\adopt-openj9-1.8.0_265\jre\bin\compressedrefs;C:\Users\eva_0\.jdks\adopt-openj9-1.8.0_265\jre\bin"/>
    <property name="classworlds.conf" value="C:\Program Files\NetBeans-12.0\netbeans\java\maven\bin\..\bin\m2.conf"/>
    <property name="jdk.extensions.version" value="8.0.265.0"/>
    <property name="java.version" value="1.8.0_265"/>
    <property name="user.timezone" value="America/Mexico_City"/>
    <property name="com.ibm.system.agent.path" value="C:\Users\eva_0\.jdks\adopt-openj9-1.8.0_265\jre\bin"/>
    <property name="sun.arch.data.model" value="64"/>
    <property name="com.ibm.zero.version" value="2"/>
    <property name="java.endorsed.dirs" value="C:\Users\eva_0\.jdks\adopt-openj9-1.8.0_265\jre\lib\endorsed"/>
    <property name="com.ibm.oti.vm.library.version" value="29"/>
    <property name="sun.jnu.encoding" value="Cp1252"/>
    <property name="file.encoding.pkg" value="sun.io"/>
    <property name="file.separator" value="\"/>
    <property name="java.specification.name" value="Java Platform API Specification"/>
    <property name="maven.conf" value="C:\Program Files\NetBeans-12.0\netbeans\java\maven\bin\../conf"/>
    <property name="java.class.version" value="52.0"/>
    <property name="user.country" value="US"/>
    <property name="java.home" value="C:\Users\eva_0\.jdks\adopt-openj9-1.8.0_265\jre"/>
    <property name="java.vm.info" value="JRE 1.8.0 Windows 10 amd64-64-Bit Compressed References 20200728_776 (JIT enabled, AOT enabled)
OpenJ9   - 34cf4c075
OMR      - 113e54219
JCL      - c82ff0c20f based on jdk8u265-b01"/>
    <property name="os.version" value="10.0"/>
    <property name="java.awt.fonts" value=""/>
    <property name="path.separator" value=";"/>
    <property name="java.vm.version" value="openj9-0.21.0"/>
    <property name="user.variant" value=""/>
    <property name="maven.ext.class.path" value="C:\Program Files\NetBeans-12.0\netbeans\java\maven-nblib\netbeans-eventspy.jar;C:\Program Files\NetBeans-12.0\netbeans\java\maven-nblib\netbeans-eventspy.jar"/>
    <property name="java.awt.printerjob" value="sun.awt.windows.WPrinterJob"/>
    <property name="jdk.extensions.name" value="Extensions for OpenJDK for Eclipse OpenJ9"/>
    <property name="sun.io.unicode.encoding" value="UnicodeLittle"/>
    <property name="awt.toolkit" value="sun.awt.windows.WToolkit"/>
    <property name="ibm.signalhandling.sigint" value="true"/>
    <property name="user.home" value="C:\Users\eva_0"/>
    <property name="com.ibm.cpu.endian" value="little"/>
    <property name="java.specification.vendor" value="Oracle Corporation"/>
    <property name="test" value="com.chemasmas.jaxrs.netbeanssesion1.resources.JavaEE8ResourceTest"/>
    <property name="ibm.signalhandling.sigchain" value="true"/>
    <property name="library.jansi.path" value="C:\Program Files\NetBeans-12.0\netbeans\java\maven\bin\..\lib\jansi-native"/>
    <property name="java.library.path" value="C:\Users\eva_0\.jdks\adopt-openj9-1.8.0_265\jre\bin\compressedrefs;C:\Users\eva_0\.jdks\adopt-openj9-1.8.0_265\jre\bin;C:\WINDOWS\system32;C:\WINDOWS;C:\Program Files (x86)\Intel\iCLS Client\;C:\Program Files\Intel\iCLS Client\;C:\WINDOWS\system32;C:\WINDOWS;C:\WINDOWS\System32\Wbem;C:\WINDOWS\System32\WindowsPowerShell\v1.0\;C:\WINDOWS\System32\OpenSSH\;C:\Program Files (x86)\Intel\Intel(R) Management Engine Components\DAL;C:\Program Files\Intel\Intel(R) Management Engine Components\DAL;C:\Program Files (x86)\Intel\Intel(R) Management Engine Components\IPT;C:\Program Files\Intel\Intel(R) Management Engine Components\IPT;C:\Program Files\Git\cmd;C:\Users\eva_0\AppData\Local\Android\Sdk\platform-tools;C:\cmder;C:\Program Files (x86)\Bitvise SSH Client;C:\HashiCorp\Vagrant\bin;C:\Program Files\nodejs\;C:\ProgramData\chocolatey\bin;C:\Go\bin;C:\Users\eva_0\.jdks\adopt-openj9-1.8.0_265;C:\Users\eva_0\AppData\Local\Programs\Python\Python36\Scripts\;C:\Users\eva_0\AppData\Local\Programs\Python\Python36\;C:\Users\eva_0\AppData\Local\Microsoft\WindowsApps;C:\Users\eva_0\AppData\Local\Programs\Microsoft VS Code\bin;C:\scrcpy-win64-v1.10;C:\Users\eva_0\AppData\Roaming\npm;C:\openssl\bin;C:\Exercism;C:\Users\eva_0\go\bin;C:\Users\eva_0\.jdks\adopt-openj9-1.8.0_265\bin;;."/>
    <property name="java.vendor.url" value="http://www.eclipse.org/openj9"/>
    <property name="java.vm.vendor" value="Eclipse OpenJ9"/>
    <property name="java.fullversion" value="1.8.0_265-b01
JRE 1.8.0 Windows 10 amd64-64-Bit Compressed References 20200728_776 (JIT enabled, AOT enabled)
OpenJ9   - 34cf4c075
OMR      - 113e54219
JCL      - c82ff0c20f based on jdk8u265-b01"/>
    <property name="maven.home" value="C:\Program Files\NetBeans-12.0\netbeans\java\maven\bin\.."/>
    <property name="java.runtime.name" value="OpenJDK Runtime Environment"/>
    <property name="sun.java.command" value="org.codehaus.plexus.classworlds.launcher.Launcher -Dtest=com.chemasmas.jaxrs.netbeanssesion1.resources.JavaEE8ResourceTest -Dmaven.ext.class.path=C:\Program Files\NetBeans-12.0\netbeans\java\maven-nblib\netbeans-eventspy.jar;C:\Program Files\NetBeans-12.0\netbeans\java\maven-nblib\netbeans-eventspy.jar -Dfile.encoding=UTF-8 surefire:test"/>
    <property name="java.class.path" value="C:\Program Files\NetBeans-12.0\netbeans\java\maven\bin\..\boot\plexus-classworlds-2.6.0.jar"/>
    <property name="java.vm.specification.name" value="Java Virtual Machine Specification"/>
    <property name="java.vm.specification.version" value="1.8"/>
    <property name="sun.cpu.endian" value="little"/>
    <property name="java.io.tmpdir" value="C:\Users\eva_0\AppData\Local\Temp\"/>
    <property name="maven.multiModuleProjectDirectory" value="C:\repos\jaxrs\netbeansSesion1"/>
    <property name="ibm.system.encoding" value="Cp1252"/>
    <property name="os.arch" value="amd64"/>
    <property name="java.awt.graphicsenv" value="sun.awt.Win32GraphicsEnvironment"/>
    <property name="ibm.signalhandling.rs" value="false"/>
    <property name="java.ext.dirs" value="C:\Users\eva_0\.jdks\adopt-openj9-1.8.0_265\jre\lib\ext"/>
    <property name="user.dir" value="C:\repos\jaxrs\netbeansSesion1"/>
    <property name="line.separator" value="
"/>
    <property name="java.vm.name" value="Eclipse OpenJ9 VM"/>
    <property name="com.ibm.oti.shared.enabled" value="false"/>
    <property name="com.ibm.vm.bitmode" value="64"/>
    <property name="file.encoding" value="UTF-8"/>
    <property name="com.ibm.oti.configuration" value="scar"/>
    <property name="java.specification.version" value="1.8"/>
  </properties>
  <testcase classname="com.chemasmas.jaxrs.netbeanssesion1.resources.JavaEE8ResourceTest" name="com.chemasmas.jaxrs.netbeanssesion1.resources.JavaEE8ResourceTest.testPing" time="0.026">
    <failure message="java.lang.ClassNotFoundException: org.glassfish.jersey.internal.RuntimeDelegateImpl" type="java.lang.RuntimeException">java.lang.RuntimeException: java.lang.ClassNotFoundException: org.glassfish.jersey.internal.RuntimeDelegateImpl
	at javax.ws.rs.ext.RuntimeDelegate.findDelegate(RuntimeDelegate.java:154)
	at javax.ws.rs.ext.RuntimeDelegate.getInstance(RuntimeDelegate.java:121)
	at javax.ws.rs.core.Response$ResponseBuilder.newInstance(Response.java:864)
	at javax.ws.rs.core.Response.status(Response.java:592)
	at javax.ws.rs.core.Response.status(Response.java:603)
	at javax.ws.rs.core.Response.ok(Response.java:638)
	at javax.ws.rs.core.Response.ok(Response.java:650)
	at com.chemasmas.jaxrs.netbeanssesion1.resources.JavaEE8Resource.ping(JavaEE8Resource.java:17)
	at com.chemasmas.jaxrs.netbeanssesion1.resources.JavaEE8ResourceTest.testPing(JavaEE8ResourceTest.java:27)
Caused by: java.lang.ClassNotFoundException: org.glassfish.jersey.internal.RuntimeDelegateImpl
	at java.lang.Class.forNameImpl(Native Method)
	at java.lang.Class.forName(Class.java:337)
	at javax.ws.rs.ext.FactoryFinder.newInstance(FactoryFinder.java:111)
	at javax.ws.rs.ext.FactoryFinder.find(FactoryFinder.java:209)
	at javax.ws.rs.ext.RuntimeDelegate.findDelegate(RuntimeDelegate.java:136)
	... 26 more
</failure>
    <system-out>ping
</system-out>
  </testcase>
</testsuite>